C:\USERS\BRENNAN\DOCUMENTS\VISUAL STUDIO 2012\PROJECTS\MENGINE\MENGINE\DEBUG\APP.OBJ
C:\USERS\BRENNAN\DOCUMENTS\VISUAL STUDIO 2012\PROJECTS\MENGINE\MENGINE\DEBUG\CONTROLS.OBJ
C:\USERS\BRENNAN\DOCUMENTS\VISUAL STUDIO 2012\PROJECTS\MENGINE\MENGINE\DEBUG\D3DGRAPHICS.OBJ
C:\USERS\BRENNAN\DOCUMENTS\VISUAL STUDIO 2012\PROJECTS\MENGINE\MENGINE\DEBUG\DXUTIL.OBJ
C:\USERS\BRENNAN\DOCUMENTS\VISUAL STUDIO 2012\PROJECTS\MENGINE\MENGINE\DEBUG\WINMAIN.OBJ
C:\USERS\BRENNAN\DOCUMENTS\VISUAL STUDIO 2012\PROJECTS\MENGINE\MENGINE\DEBUG\VC110.PDB
C:\USERS\BRENNAN\DOCUMENTS\VISUAL STUDIO 2012\PROJECTS\MENGINE\DEBUG\EFFECTS.CSO
C:\USERS\BRENNAN\DOCUMENTS\VISUAL STUDIO 2012\PROJECTS\MENGINE\DEBUG\MENGINE.ILK
C:\USERS\BRENNAN\DOCUMENTS\VISUAL STUDIO 2012\PROJECTS\MENGINE\DEBUG\MENGINE.EXE
C:\USERS\BRENNAN\DOCUMENTS\VISUAL STUDIO 2012\PROJECTS\MENGINE\DEBUG\MENGINE.PDB
C:\Users\Brennan\Documents\Visual Studio 2012\Projects\MEngine\Debug\Effects.cso
䕞晦捥獴昮൸䌊尺獕牥屳牂湥慮屮潄畣敭瑮屳楖畳污匠畴楤⁯〲㈱停潲敪瑣屳䕍杮湩履敄畢屧晅敦瑣⹳獣൯
C:\Users\Brennan\Documents\Visual Studio 2012\Projects\MEngine\MEngine\Debug\App.obj
C:\Users\Brennan\Documents\Visual Studio 2012\Projects\MEngine\MEngine\Debug\Controls.obj
C:\Users\Brennan\Documents\Visual Studio 2012\Projects\MEngine\MEngine\Debug\D3DGraphics.obj
C:\Users\Brennan\Documents\Visual Studio 2012\Projects\MEngine\MEngine\Debug\DXUtil.obj
C:\Users\Brennan\Documents\Visual Studio 2012\Projects\MEngine\MEngine\Debug\WinMain.obj
C:\Users\Brennan\Documents\Visual Studio 2012\Projects\MEngine\MEngine\Debug\cl.command.1.tlog
C:\Users\Brennan\Documents\Visual Studio 2012\Projects\MEngine\MEngine\Debug\CL.read.1.tlog
C:\Users\Brennan\Documents\Visual Studio 2012\Projects\MEngine\MEngine\Debug\CL.write.1.tlog
C:\Users\Brennan\Documents\Visual Studio 2012\Projects\MEngine\MEngine\Debug\FXC.command.1.tlog
C:\Users\Brennan\Documents\Visual Studio 2012\Projects\MEngine\MEngine\Debug\fxc.read.1.tlog
C:\Users\Brennan\Documents\Visual Studio 2012\Projects\MEngine\MEngine\Debug\fxc.write.1.tlog
C:\Users\Brennan\Documents\Visual Studio 2012\Projects\MEngine\MEngine\Debug\link-cvtres.read.1.tlog
C:\Users\Brennan\Documents\Visual Studio 2012\Projects\MEngine\MEngine\Debug\link-cvtres.write.1.tlog
C:\Users\Brennan\Documents\Visual Studio 2012\Projects\MEngine\MEngine\Debug\link-rc.read.1.tlog
C:\Users\Brennan\Documents\Visual Studio 2012\Projects\MEngine\MEngine\Debug\link-rc.write.1.tlog
C:\Users\Brennan\Documents\Visual Studio 2012\Projects\MEngine\MEngine\Debug\link.300-cvtres.read.1.tlog
C:\Users\Brennan\Documents\Visual Studio 2012\Projects\MEngine\MEngine\Debug\link.300-cvtres.write.1.tlog
C:\Users\Brennan\Documents\Visual Studio 2012\Projects\MEngine\MEngine\Debug\link.300-rc.read.1.tlog
C:\Users\Brennan\Documents\Visual Studio 2012\Projects\MEngine\MEngine\Debug\link.300-rc.write.1.tlog
C:\Users\Brennan\Documents\Visual Studio 2012\Projects\MEngine\MEngine\Debug\link.300.read.1.tlog
C:\Users\Brennan\Documents\Visual Studio 2012\Projects\MEngine\MEngine\Debug\link.300.write.1.tlog
C:\Users\Brennan\Documents\Visual Studio 2012\Projects\MEngine\MEngine\Debug\link.4248-cvtres.read.1.tlog
C:\Users\Brennan\Documents\Visual Studio 2012\Projects\MEngine\MEngine\Debug\link.4248-cvtres.write.1.tlog
C:\Users\Brennan\Documents\Visual Studio 2012\Projects\MEngine\MEngine\Debug\link.4248-rc.read.1.tlog
C:\Users\Brennan\Documents\Visual Studio 2012\Projects\MEngine\MEngine\Debug\link.4248-rc.write.1.tlog
C:\Users\Brennan\Documents\Visual Studio 2012\Projects\MEngine\MEngine\Debug\link.4248.read.1.tlog
C:\Users\Brennan\Documents\Visual Studio 2012\Projects\MEngine\MEngine\Debug\link.4248.write.1.tlog
C:\Users\Brennan\Documents\Visual Studio 2012\Projects\MEngine\MEngine\Debug\link.8688-cvtres.read.1.tlog
C:\Users\Brennan\Documents\Visual Studio 2012\Projects\MEngine\MEngine\Debug\link.8688-cvtres.write.1.tlog
C:\Users\Brennan\Documents\Visual Studio 2012\Projects\MEngine\MEngine\Debug\link.8688-rc.read.1.tlog
C:\Users\Brennan\Documents\Visual Studio 2012\Projects\MEngine\MEngine\Debug\link.8688-rc.write.1.tlog
C:\Users\Brennan\Documents\Visual Studio 2012\Projects\MEngine\MEngine\Debug\link.8688.read.1.tlog
C:\Users\Brennan\Documents\Visual Studio 2012\Projects\MEngine\MEngine\Debug\link.8688.write.1.tlog
C:\Users\Brennan\Documents\Visual Studio 2012\Projects\MEngine\MEngine\Debug\link.command.1.tlog
C:\Users\Brennan\Documents\Visual Studio 2012\Projects\MEngine\MEngine\Debug\link.read.1.tlog
C:\Users\Brennan\Documents\Visual Studio 2012\Projects\MEngine\MEngine\Debug\link.write.1.tlog
C:\Users\Brennan\Documents\Visual Studio 2012\Projects\MEngine\MEngine\Debug\MEngine.write.1.tlog
C:\Users\Brennan\Documents\Visual Studio 2012\Projects\MEngine\MEngine\Debug\vc110.idb
C:\Users\Brennan\Documents\Visual Studio 2012\Projects\MEngine\MEngine\Debug\vc110.pdb
C:\Users\Brennan\Documents\Visual Studio 2012\Projects\MEngine\Debug\MEngine.pdb
C:\Users\Brennan\Documents\Visual Studio 2012\Projects\MEngine\Debug\MEngine.exe
C:\Users\Brennan\Documents\Visual Studio 2012\Projects\MEngine\Debug\MEngine.ilk
