Build started 19/07/2014 02:45:01.
     1>Project "C:\Users\Brennan\Documents\Visual Studio 2012\Projects\MEngine\MEngine\MEngine.vcxproj" on node 2 (Build target(s)).
     1>ClCompile:
         C:\Program Files (x86)\Microsoft Visual Studio 11.0\VC\bin\CL.exe /c /Zi /nologo /W3 /WX- /sdl /O2 /Oi /Oy- /GL /D _MBCS /Gm- /EHsc /MD /GS /Gy /fp:precise /Zc:wchar_t /Zc:forScope /Fo"Release\\" /Fd"Release\vc110.pdb" /Gd /TP /analyze- /errorReport:prompt D3DGraphics.cpp
         D3DGraphics.cpp
     1>c:\program files (x86)\microsoft sdks\windows\v7.0a\include\sal_supp.h(57): warning C4005: '__useHeader' : macro redefinition
                 C:\Program Files (x86)\Microsoft Visual Studio 11.0\VC\include\sal.h(2872) : see previous definition of '__useHeader'
     1>c:\program files (x86)\microsoft sdks\windows\v7.0a\include\specstrings_supp.h(77): warning C4005: '__on_failure' : macro redefinition
                 C:\Program Files (x86)\Microsoft Visual Studio 11.0\VC\include\sal.h(2882) : see previous definition of '__on_failure'
       Link:
         C:\Program Files (x86)\Microsoft Visual Studio 11.0\VC\bin\link.exe /ERRORREPORT:PROMPT /OUT:"C:\Users\Brennan\Documents\Visual Studio 2012\Projects\MEngine\Release\MEngine.exe" /NOLOGO kernel32.lib user32.lib gdi32.lib winspool.lib comdlg32.lib advapi32.lib shell32.lib ole32.lib oleaut32.lib uuid.lib odbc32.lib odbccp32.lib /MANIFEST /MANIFESTUAC:"level='asInvoker' uiAccess='false'" /manifest:embed /DEBUG /PDB:"C:\Users\Brennan\Documents\Visual Studio 2012\Projects\MEngine\Release\MEngine.pdb" /OPT:REF /OPT:ICF /LTCG /TLBID:1 /DYNAMICBASE /NXCOMPAT /IMPLIB:"C:\Users\Brennan\Documents\Visual Studio 2012\Projects\MEngine\Release\MEngine.lib" /MACHINE:X86 /SAFESEH Release\App.obj
         Release\Controls.obj
         Release\D3DGraphics.obj
         Release\DXUtil.obj
         Release\WinMain.obj
         Generating code
         Finished generating code
         MEngine.vcxproj -> C:\Users\Brennan\Documents\Visual Studio 2012\Projects\MEngine\Release\MEngine.exe
     1>Done Building Project "C:\Users\Brennan\Documents\Visual Studio 2012\Projects\MEngine\MEngine\MEngine.vcxproj" (Build target(s)).

Build succeeded.

Time Elapsed 00:00:02.06
